<?xml version="1.0" encoding="UTF-8"?>
<!-- Generated by org.testng.reporters.JUnitXMLReporter -->
<testsuite hostname="karthik-PC" name="SF Automation Tests Firefox" tests="9" failures="0" timestamp="2 Feb 2016 17:19:05 GMT" time="119.111" errors="0">
  <testcase name="testLogin" time="2.678" classname="automationFramework.TestNG"/>
  <testcase name="testCreateList" time="8.205" classname="automationFramework.TestNG"/>
  <testcase name="testDuplicateList" time="11.757" classname="automationFramework.TestNG"/>
  <testcase name="testRenameList" time="13.949" classname="automationFramework.TestNG"/>
  <testcase name="testRecreateList" time="9.759" classname="automationFramework.TestNG"/>
  <testcase name="testCreateProspect" time="14.56" classname="automationFramework.TestNG"/>
  <testcase name="testAddProspectToList" time="18.96" classname="automationFramework.TestNG"/>
  <testcase name="testsendEmail" time="28.966" classname="automationFramework.TestNG"/>
  <testcase name="testLogout" time="1.976" classname="automationFramework.TestNG"/>
</testsuite> <!-- SF Automation Tests Firefox -->
